<?xml version='1.0' encoding='UTF-8'?>
<testsuite hostname="DESKTOP-G298UQ7" name="com.Adthena.BasketPricingTest" tests="6" errors="0" failures="0" skipped="0" time="0.271" timestamp="2023-09-30T20:19:22">
          <properties>
      <property name="java.specification.version" value="17"/><property name="sun.cpu.isalist" value="amd64"/><property name="sun.jnu.encoding" value="Cp1252"/><property name="sun.arch.data.model" value="64"/><property name="java.vendor.url" value="https://java.oracle.com/"/><property name="sun.boot.library.path" value="D:\Java\bin"/><property name="sun.java.command" value="xsbt.boot.Boot"/><property name="jdk.debug" value="release"/><property name="sun.stderr.encoding" value="cp437"/><property name="java.specification.vendor" value="Oracle Corporation"/><property name="java.version.date" value="2022-01-18"/><property name="java.home" value="D:\Java"/><property name="file.separator" value="\"/><property name="java.vm.compressedOopsMode" value="32-bit"/><property name="line.separator" value="
"/><property name="sun.stdout.encoding" value="cp437"/><property name="java.vm.specification.vendor" value="Oracle Corporation"/><property name="java.specification.name" value="Java Platform API Specification"/><property name="user.script" value=""/><property name="sun.management.compiler" value="HotSpot 64-Bit Tiered Compilers"/><property name="java.runtime.version" value="17.0.2+8-LTS-86"/><property name="user.name" value="Lenovo"/><property name="log4j.ignoreTCL" value="true"/><property name="file.encoding" value="UTF-8"/><property name="jnidispatch.path" value="C:\Users\Lenovo\AppData\Local\Temp\jna--2022488749\jna16661182477137294898.dll"/><property name="jna.loaded" value="true"/><property name="java.io.tmpdir" value="C:\Users\Lenovo\AppData\Local\Temp\"/><property name="java.version" value="17.0.2"/><property name="java.vm.specification.name" value="Java Virtual Machine Specification"/><property name="sun.os.patch.level" value=""/><property name="native.encoding" value="Cp1252"/><property name="java.library.path" value="D:\Java\bin;C:\Windows\Sun\Java\bin;C:\Windows\system32;C:\Windows;D:\flutter\flutter\bin\cache\dart-sdk\bin\;C:\Program Files\ImageMagick-7.1.1-Q16-HDRI;C:\Python311\Scripts\;C:\Python311\;C:\Python310\Scripts\;C:\Python310\;C:\Program Files\Common Files\Oracle\Java\javapath;C:\Program Files (x86)\Common Files\Oracle\Java\javapath;C:\Windows\system32;C:\Windows;C:\Windows\System32\Wbem;C:\Windows\System32\WindowsPowerShell\v1.0\;C:\Windows\System32\OpenSSH\;C:\Program Files\MATLAB\R2021b\bin;C:\ProgramData\chocolatey\bin;D:\Git\cmd;C:\Program Files\dotnet\;C:\Program Files\Graphviz\bin;D:\nodejs\;C:\Program Files\NVIDIA Corporation\Nsight Compute 2023.1.1\;D:\perl\c\bin;D:\perl\perl\site\bin;D:\perl\perl\bin;D:\bin;C:\Program Files\MySQL\MySQL Shell 8.0\bin\;D:\Anaconda;D:\Anaconda\Library\mingw-w64\bin;D:\Anaconda\Library\usr\bin;D:\Anaconda\Library\bin;D:\Anaconda\Scripts;C:\Users\Lenovo\AppData\Local\Microsoft\WindowsApps;D:\Git\bin;D:\flutter\flutter\bin;D:\mingw64\mingw64\bin;D:\msys\1.0\bin;D:\Java\bin;C:\Users\Lenovo\AppData\Local\Android\Sdk\tools\bin;D:\gradle\gradle-7.4\bin;C:\Users\Lenovo\AppData\Local\GitHubDesktop\bin;D:\Microsoft VS Code\Microsoft VS Code\bin;D:\Anaconda\pkgs\graphviz-2.38-hfd603c8_2\Library\bin;C:\Python310\Lib\site-packages;C:\Users\Lenovo\.dotnet\tools;D:\apache-maven-3.9.0-bin\apache-maven-3.9.0\bin;D:\GraphViz\bin;D:\IntelliJ IDEA Community Edition 2022.2.3\bin;;C:\Users\Lenovo\AppData\Roaming\npm;D:\PostgreSQL\15\bin;D:\latex\miktex\bin\x64\;C:\Users\Lenovo\AppData\Local\Coursier\data\bin;."/><property name="java.vendor" value="Oracle Corporation"/><property name="scala.ext.dirs" value="C:\Users\Lenovo\.sbt\1.0\java9-rt-ext-oracle_corporation_17_0_2"/><property name="sun.io.unicode.encoding" value="UnicodeLittle"/><property name="java.class.path" value="C:\Users\Lenovo\AppData\Local\Coursier\cache\arc\https\github.com\sbt\sbt\releases\download\v1.9.6\sbt-1.9.6.zip\sbt\bin\sbt-launch.jar"/><property name="java.vm.vendor" value="Oracle Corporation"/><property name="user.variant" value=""/><property name="jline.shutdownhook" value="false"/><property name="user.timezone" value="Europe/London"/><property name="java.vm.specification.version" value="17"/><property name="os.name" value="Windows 10"/><property name="sun.java.launcher" value="SUN_STANDARD"/><property name="user.country" value="IN"/><property name="sun.cpu.endian" value="little"/><property name="user.home" value="C:\Users\Lenovo"/><property name="user.language" value="en"/><property name="sbt.ipcsocket.tmpdir" value="C:\Users\Lenovo\AppData\Local\Temp\.sbtf5421c8a\ipcsocket"/><property name="swoval.tmpdir" value="C:\Users\Lenovo\AppData\Local\Temp\.sbtf5421c8a\swoval"/><property name="jline.esc.timeout" value="0"/><property name="path.separator" value=";"/><property name="os.version" value="10.0"/><property name="jna.nosys" value="true"/><property name="java.runtime.name" value="Java(TM) SE Runtime Environment"/><property name="java.vm.name" value="Java HotSpot(TM) 64-Bit Server VM"/><property name="java.vendor.url.bug" value="https://bugreport.java.com/bugreport/"/><property name="user.dir" value="D:\Akshat\CaseStudy\Adthena"/><property name="os.arch" value="amd64"/><property name="java.vm.info" value="mixed mode, sharing"/><property name="java.vm.version" value="17.0.2+8-LTS-86"/><property name="java.class.version" value="61.0"/>
    </properties>
          <testcase classname="com.Adthena.BasketPricingTest" name="calculatePrice should correctly calculate the total price" time="0.258">
                      
                    </testcase><testcase classname="com.Adthena.BasketPricingTest" name="calculatePrice should handle an empty basket" time="0.008">
                      
                    </testcase><testcase classname="com.Adthena.BasketPricingTest" name="applesDiscount should calculate 10% off for multiple Apple items" time="0.001">
                      
                    </testcase><testcase classname="com.Adthena.BasketPricingTest" name="applesDiscount should return 0 discount when there are no Apples in the basket" time="0.001">
                      
                    </testcase><testcase classname="com.Adthena.BasketPricingTest" name="soupBreadDiscount should calculate half price for Bread when buying 2 tins of Soup" time="0.002">
                      
                    </testcase><testcase classname="com.Adthena.BasketPricingTest" name="soupBreadDiscount should return 0 discount when there is no eligible Bread in the basket" time="0.001">
                      
                    </testcase>
          <system-out><![CDATA[]]></system-out>
          <system-err><![CDATA[]]></system-err>
        </testsuite>